All log files of all matrices sizes:
---------
log/hamsqr1024.log
Error 4.993024E-07
HtoD memcpy 1.337472 ms 
Kernel 297.783997 ms 
DtoH memcpy 2.944512 ms 
---------
log/hamsqr128.log
Error 4.337147E-07
HtoD memcpy 0.050688 ms 
Kernel 19.333311 ms 
DtoH memcpy 0.154592 ms 
---------
log/hamsqr2048.log
Error 4.988582E-07
HtoD memcpy 4.708192 ms 
Kernel 634.704773 ms 
DtoH memcpy 11.817824 ms 
---------
log/hamsqr256.log
Error 4.993512E-07
HtoD memcpy 0.151200 ms 
Kernel 43.682430 ms 
DtoH memcpy 0.462176 ms 
---------
log/hamsqr4096.log
Error 4.996495E-07
HtoD memcpy 19.816959 ms 
Kernel 2110.624023 ms 
DtoH memcpy 45.175777 ms 
---------
log/hamsqr512.log
Error 4.993116E-07
HtoD memcpy 0.414464 ms 
Kernel 174.449158 ms 
DtoH memcpy 1.615904 ms 
---------
log/hamsqr8192.log
Error 4.999436E-07
HtoD memcpy 71.995392 ms 
Kernel 10948.074219 ms 
DtoH memcpy 170.406372 ms 
---------
log/oversqr1024.log
Error 4.996289E-07
HtoD memcpy 1.453600 ms 
Kernel 230.406174 ms 
DtoH memcpy 3.101984 ms 
---------
log/oversqr128.log
Error 4.996517E-07
HtoD memcpy 0.051296 ms 
Kernel 19.465696 ms 
DtoH memcpy 0.144960 ms 
---------
log/oversqr2048.log
Error 4.999615E-07
HtoD memcpy 5.293952 ms 
Kernel 715.899536 ms 
DtoH memcpy 12.718656 ms 
---------
log/oversqr256.log
Error 4.997113E-07
HtoD memcpy 0.137632 ms 
Kernel 44.601566 ms 
DtoH memcpy 0.520320 ms 
---------
log/oversqr4096.log
Error 4.998943E-07
HtoD memcpy 18.493631 ms 
Kernel 2286.803223 ms 
DtoH memcpy 42.325214 ms 
---------
log/oversqr512.log
Error 4.997121E-07
HtoD memcpy 0.428288 ms 
Kernel 97.767677 ms 
DtoH memcpy 1.618144 ms 
---------
log/oversqr8192.log
Error 4.999447E-07
HtoD memcpy 75.707489 ms 
Kernel 11165.026367 ms 
DtoH memcpy 173.131546 ms 
---------
